Determining if the Q_WS_WIN exist failed with the following output:
Change Dir: /home/aditya/CSE180/src/pcl-pcl-1.7.2/build/CMakeFiles/CMakeTmp

Run Build Command:"/usr/bin/make" "cmTC_3e694/fast"
/usr/bin/make -f CMakeFiles/cmTC_3e694.dir/build.make CMakeFiles/cmTC_3e694.dir/build
make[1]: Entering directory '/home/aditya/CSE180/src/pcl-pcl-1.7.2/build/CMakeFiles/CMakeTmp'
Building CXX object CMakeFiles/cmTC_3e694.dir/CheckSymbolExists.cxx.o
/usr/bin/c++    -I/usr/include/qt4  -Wall -Wextra -Wno-unknown-pragmas -fno-strict-aliasing -Wno-format-extra-args -Wno-sign-compare -Wno-invalid-offsetof -Wno-conversion  -march=native -msse4.2 -mfpmath=sse -Wabi -pthread -fopenmp    -o CMakeFiles/cmTC_3e694.dir/CheckSymbolExists.cxx.o -c /home/aditya/CSE180/src/pcl-pcl-1.7.2/build/CMakeFiles/CMakeTmp/CheckSymbolExists.cxx
/home/aditya/CSE180/src/pcl-pcl-1.7.2/build/CMakeFiles/CMakeTmp/CheckSymbolExists.cxx: In function ‘int main(int, char**)’:
/home/aditya/CSE180/src/pcl-pcl-1.7.2/build/CMakeFiles/CMakeTmp/CheckSymbolExists.cxx:8:19: error: ‘Q_WS_WIN’ was not declared in this scope
   return ((int*)(&Q_WS_WIN))[argc];
                   ^~~~~~~~
CMakeFiles/cmTC_3e694.dir/build.make:65: recipe for target 'CMakeFiles/cmTC_3e694.dir/CheckSymbolExists.cxx.o' failed
make[1]: *** [CMakeFiles/cmTC_3e694.dir/CheckSymbolExists.cxx.o] Error 1
make[1]: Leaving directory '/home/aditya/CSE180/src/pcl-pcl-1.7.2/build/CMakeFiles/CMakeTmp'
Makefile:126: recipe for target 'cmTC_3e694/fast' failed
make: *** [cmTC_3e694/fast] Error 2

File /home/aditya/CSE180/src/pcl-pcl-1.7.2/build/CMakeFiles/CMakeTmp/CheckSymbolExists.cxx:
/* */
#include <QtCore/qglobal.h>

int main(int argc, char** argv)
{
  (void)argv;
#ifndef Q_WS_WIN
  return ((int*)(&Q_WS_WIN))[argc];
#else
  (void)argc;
  return 0;
#endif
}

Determining if the Q_WS_QWS exist failed with the following output:
Change Dir: /home/aditya/CSE180/src/pcl-pcl-1.7.2/build/CMakeFiles/CMakeTmp

Run Build Command:"/usr/bin/make" "cmTC_b4e39/fast"
/usr/bin/make -f CMakeFiles/cmTC_b4e39.dir/build.make CMakeFiles/cmTC_b4e39.dir/build
make[1]: Entering directory '/home/aditya/CSE180/src/pcl-pcl-1.7.2/build/CMakeFiles/CMakeTmp'
Building CXX object CMakeFiles/cmTC_b4e39.dir/CheckSymbolExists.cxx.o
/usr/bin/c++    -I/usr/include/qt4  -Wall -Wextra -Wno-unknown-pragmas -fno-strict-aliasing -Wno-format-extra-args -Wno-sign-compare -Wno-invalid-offsetof -Wno-conversion  -march=native -msse4.2 -mfpmath=sse -Wabi -pthread -fopenmp    -o CMakeFiles/cmTC_b4e39.dir/CheckSymbolExists.cxx.o -c /home/aditya/CSE180/src/pcl-pcl-1.7.2/build/CMakeFiles/CMakeTmp/CheckSymbolExists.cxx
/home/aditya/CSE180/src/pcl-pcl-1.7.2/build/CMakeFiles/CMakeTmp/CheckSymbolExists.cxx: In function ‘int main(int, char**)’:
/home/aditya/CSE180/src/pcl-pcl-1.7.2/build/CMakeFiles/CMakeTmp/CheckSymbolExists.cxx:8:19: error: ‘Q_WS_QWS’ was not declared in this scope
   return ((int*)(&Q_WS_QWS))[argc];
                   ^~~~~~~~
CMakeFiles/cmTC_b4e39.dir/build.make:65: recipe for target 'CMakeFiles/cmTC_b4e39.dir/CheckSymbolExists.cxx.o' failed
make[1]: *** [CMakeFiles/cmTC_b4e39.dir/CheckSymbolExists.cxx.o] Error 1
make[1]: Leaving directory '/home/aditya/CSE180/src/pcl-pcl-1.7.2/build/CMakeFiles/CMakeTmp'
Makefile:126: recipe for target 'cmTC_b4e39/fast' failed
make: *** [cmTC_b4e39/fast] Error 2

File /home/aditya/CSE180/src/pcl-pcl-1.7.2/build/CMakeFiles/CMakeTmp/CheckSymbolExists.cxx:
/* */
#include <QtCore/qglobal.h>

int main(int argc, char** argv)
{
  (void)argv;
#ifndef Q_WS_QWS
  return ((int*)(&Q_WS_QWS))[argc];
#else
  (void)argc;
  return 0;
#endif
}

Determining if the Q_WS_MAC exist failed with the following output:
Change Dir: /home/aditya/CSE180/src/pcl-pcl-1.7.2/build/CMakeFiles/CMakeTmp

Run Build Command:"/usr/bin/make" "cmTC_2c9bf/fast"
/usr/bin/make -f CMakeFiles/cmTC_2c9bf.dir/build.make CMakeFiles/cmTC_2c9bf.dir/build
make[1]: Entering directory '/home/aditya/CSE180/src/pcl-pcl-1.7.2/build/CMakeFiles/CMakeTmp'
Building CXX object CMakeFiles/cmTC_2c9bf.dir/CheckSymbolExists.cxx.o
/usr/bin/c++    -I/usr/include/qt4  -Wall -Wextra -Wno-unknown-pragmas -fno-strict-aliasing -Wno-format-extra-args -Wno-sign-compare -Wno-invalid-offsetof -Wno-conversion  -march=native -msse4.2 -mfpmath=sse -Wabi -pthread -fopenmp    -o CMakeFiles/cmTC_2c9bf.dir/CheckSymbolExists.cxx.o -c /home/aditya/CSE180/src/pcl-pcl-1.7.2/build/CMakeFiles/CMakeTmp/CheckSymbolExists.cxx
/home/aditya/CSE180/src/pcl-pcl-1.7.2/build/CMakeFiles/CMakeTmp/CheckSymbolExists.cxx: In function ‘int main(int, char**)’:
/home/aditya/CSE180/src/pcl-pcl-1.7.2/build/CMakeFiles/CMakeTmp/CheckSymbolExists.cxx:8:19: error: ‘Q_WS_MAC’ was not declared in this scope
   return ((int*)(&Q_WS_MAC))[argc];
                   ^~~~~~~~
CMakeFiles/cmTC_2c9bf.dir/build.make:65: recipe for target 'CMakeFiles/cmTC_2c9bf.dir/CheckSymbolExists.cxx.o' failed
make[1]: *** [CMakeFiles/cmTC_2c9bf.dir/CheckSymbolExists.cxx.o] Error 1
make[1]: Leaving directory '/home/aditya/CSE180/src/pcl-pcl-1.7.2/build/CMakeFiles/CMakeTmp'
Makefile:126: recipe for target 'cmTC_2c9bf/fast' failed
make: *** [cmTC_2c9bf/fast] Error 2

File /home/aditya/CSE180/src/pcl-pcl-1.7.2/build/CMakeFiles/CMakeTmp/CheckSymbolExists.cxx:
/* */
#include <QtCore/qglobal.h>

int main(int argc, char** argv)
{
  (void)argv;
#ifndef Q_WS_MAC
  return ((int*)(&Q_WS_MAC))[argc];
#else
  (void)argc;
  return 0;
#endif
}

