The system is: Linux - 4.4.0-75-generic - x86_64
Compiling the C compiler identification source file "CMakeCCompilerId.c" succeeded.
Compiler: /usr/bin/cc 
Build flags: 
Id flags: 

The output was:
0


Compilation of the C compiler identification source "CMakeCCompilerId.c" produced "a.out"

The C compiler identification is GNU, found in "/home/aditya/CSE180/src/pcl-pcl-1.7.2/build/CMakeFiles/3.5.1/CompilerIdC/a.out"

Compiling the CXX compiler identification source file "CMakeCXXCompilerId.cpp" succeeded.
Compiler: /usr/bin/c++ 
Build flags: 
Id flags: 

The output was:
0


Compilation of the CXX compiler identification source "CMakeCXXCompilerId.cpp" produced "a.out"

The CXX compiler identification is GNU, found in "/home/aditya/CSE180/src/pcl-pcl-1.7.2/build/CMakeFiles/3.5.1/CompilerIdCXX/a.out"

Determining if the C compiler works passed with the following output:
Change Dir: /home/aditya/CSE180/src/pcl-pcl-1.7.2/build/CMakeFiles/CMakeTmp

Run Build Command:"/usr/bin/make" "cmTC_1c770/fast"
/usr/bin/make -f CMakeFiles/cmTC_1c770.dir/build.make CMakeFiles/cmTC_1c770.dir/build
make[1]: Entering directory '/home/aditya/CSE180/src/pcl-pcl-1.7.2/build/CMakeFiles/CMakeTmp'
Building C object CMakeFiles/cmTC_1c770.dir/testCCompiler.c.o
/usr/bin/cc     -o CMakeFiles/cmTC_1c770.dir/testCCompiler.c.o   -c /home/aditya/CSE180/src/pcl-pcl-1.7.2/build/CMakeFiles/CMakeTmp/testCCompiler.c
Linking C executable cmTC_1c770
/usr/bin/cmake -E cmake_link_script CMakeFiles/cmTC_1c770.dir/link.txt --verbose=1
/usr/bin/cc       CMakeFiles/cmTC_1c770.dir/testCCompiler.c.o  -o cmTC_1c770 -rdynamic 
make[1]: Leaving directory '/home/aditya/CSE180/src/pcl-pcl-1.7.2/build/CMakeFiles/CMakeTmp'


Detecting C compiler ABI info compiled with the following output:
Change Dir: /home/aditya/CSE180/src/pcl-pcl-1.7.2/build/CMakeFiles/CMakeTmp

Run Build Command:"/usr/bin/make" "cmTC_e16d1/fast"
/usr/bin/make -f CMakeFiles/cmTC_e16d1.dir/build.make CMakeFiles/cmTC_e16d1.dir/build
make[1]: Entering directory '/home/aditya/CSE180/src/pcl-pcl-1.7.2/build/CMakeFiles/CMakeTmp'
Building C object CMakeFiles/cmTC_e16d1.dir/CMakeCCompilerABI.c.o
/usr/bin/cc     -o CMakeFiles/cmTC_e16d1.dir/CMakeCCompilerABI.c.o   -c /usr/share/cmake-3.5/Modules/CMakeCCompilerABI.c
Linking C executable cmTC_e16d1
/usr/bin/cmake -E cmake_link_script CMakeFiles/cmTC_e16d1.dir/link.txt --verbose=1
/usr/bin/cc      -v CMakeFiles/cmTC_e16d1.dir/CMakeCCompilerABI.c.o  -o cmTC_e16d1 -rdynamic  
Using built-in specs.
COLLECT_GCC=/usr/bin/cc
COLLECT_LTO_WRAPPER=/usr/lib/gcc/x86_64-linux-gnu/6/lto-wrapper
Target: x86_64-linux-gnu
Configured with: ../src/configure -v --with-pkgversion='Ubuntu 6.2.0-3ubuntu11~16.04' --with-bugurl=file:///usr/share/doc/gcc-6/README.Bugs --enable-languages=c,ada,c++,java,go,d,fortran,objc,obj-c++ --prefix=/usr --program-suffix=-6 --enable-shared --enable-linker-build-id --libexecdir=/usr/lib --without-included-gettext --enable-threads=posix --libdir=/usr/lib --enable-nls --with-sysroot=/ --enable-clocale=gnu --enable-libstdcxx-debug --enable-libstdcxx-time=yes --with-default-libstdcxx-abi=new --enable-gnu-unique-object --disable-vtable-verify --enable-libmpx --enable-plugin --with-system-zlib --disable-browser-plugin --enable-java-awt=gtk --enable-gtk-cairo --with-java-home=/usr/lib/jvm/java-1.5.0-gcj-6-amd64/jre --enable-java-home --with-jvm-root-dir=/usr/lib/jvm/java-1.5.0-gcj-6-amd64 --with-jvm-jar-dir=/usr/lib/jvm-exports/java-1.5.0-gcj-6-amd64 --with-arch-directory=amd64 --with-ecj-jar=/usr/share/java/eclipse-ecj.jar --enable-objc-gc --enable-multiarch --disable-werror --with-arch-32=i686 --with-abi=m64 --with-multilib-list=m32,m64,mx32 --enable-multilib --with-tune=generic --enable-checking=release --build=x86_64-linux-gnu --host=x86_64-linux-gnu --target=x86_64-linux-gnu
Thread model: posix
gcc version 6.2.0 20160901 (Ubuntu 6.2.0-3ubuntu11~16.04) 
COMPILER_PATH=/usr/lib/gcc/x86_64-linux-gnu/6/:/usr/lib/gcc/x86_64-linux-gnu/6/:/usr/lib/gcc/x86_64-linux-gnu/:/usr/lib/gcc/x86_64-linux-gnu/6/:/usr/lib/gcc/x86_64-linux-gnu/
LIBRARY_PATH=/usr/lib/gcc/x86_64-linux-gnu/6/:/usr/lib/gcc/x86_64-linux-gnu/6/../../../x86_64-linux-gnu/:/usr/lib/gcc/x86_64-linux-gnu/6/../../../../lib/:/lib/x86_64-linux-gnu/:/lib/../lib/:/usr/lib/x86_64-linux-gnu/:/usr/lib/../lib/:/usr/lib/gcc/x86_64-linux-gnu/6/../../../:/lib/:/usr/lib/
COLLECT_GCC_OPTIONS='-v' '-o' 'cmTC_e16d1' '-rdynamic' '-mtune=generic' '-march=x86-64'
 /usr/lib/gcc/x86_64-linux-gnu/6/collect2 -plugin /usr/lib/gcc/x86_64-linux-gnu/6/liblto_plugin.so -plugin-opt=/usr/lib/gcc/x86_64-linux-gnu/6/lto-wrapper -plugin-opt=-fresolution=/tmp/cc2I1Pg5.res -plugin-opt=-pass-through=-lgcc -plugin-opt=-pass-through=-lgcc_s -plugin-opt=-pass-through=-lc -plugin-opt=-pass-through=-lgcc -plugin-opt=-pass-through=-lgcc_s --sysroot=/ --build-id --eh-frame-hdr -m elf_x86_64 --hash-style=gnu --as-needed -export-dynamic -dynamic-linker /lib64/ld-linux-x86-64.so.2 -z relro -o cmTC_e16d1 /usr/lib/gcc/x86_64-linux-gnu/6/../../../x86_64-linux-gnu/crt1.o /usr/lib/gcc/x86_64-linux-gnu/6/../../../x86_64-linux-gnu/crti.o /usr/lib/gcc/x86_64-linux-gnu/6/crtbegin.o -L/usr/lib/gcc/x86_64-linux-gnu/6 -L/usr/lib/gcc/x86_64-linux-gnu/6/../../../x86_64-linux-gnu -L/usr/lib/gcc/x86_64-linux-gnu/6/../../../../lib -L/lib/x86_64-linux-gnu -L/lib/../lib -L/usr/lib/x86_64-linux-gnu -L/usr/lib/../lib -L/usr/lib/gcc/x86_64-linux-gnu/6/../../.. CMakeFiles/cmTC_e16d1.dir/CMakeCCompilerABI.c.o -lgcc --as-needed -lgcc_s --no-as-needed -lc -lgcc --as-needed -lgcc_s --no-as-needed /usr/lib/gcc/x86_64-linux-gnu/6/crtend.o /usr/lib/gcc/x86_64-linux-gnu/6/../../../x86_64-linux-gnu/crtn.o
COLLECT_GCC_OPTIONS='-v' '-o' 'cmTC_e16d1' '-rdynamic' '-mtune=generic' '-march=x86-64'
make[1]: Leaving directory '/home/aditya/CSE180/src/pcl-pcl-1.7.2/build/CMakeFiles/CMakeTmp'


Parsed C implicit link information from above output:
  link line regex: [^( *|.*[/\])(ld|([^/\]+-)?ld|collect2)[^/\]*( |$)]
  ignore line: [Change Dir: /home/aditya/CSE180/src/pcl-pcl-1.7.2/build/CMakeFiles/CMakeTmp]
  ignore line: []
  ignore line: [Run Build Command:"/usr/bin/make" "cmTC_e16d1/fast"]
  ignore line: [/usr/bin/make -f CMakeFiles/cmTC_e16d1.dir/build.make CMakeFiles/cmTC_e16d1.dir/build]
  ignore line: [make[1]: Entering directory '/home/aditya/CSE180/src/pcl-pcl-1.7.2/build/CMakeFiles/CMakeTmp']
  ignore line: [Building C object CMakeFiles/cmTC_e16d1.dir/CMakeCCompilerABI.c.o]
  ignore line: [/usr/bin/cc     -o CMakeFiles/cmTC_e16d1.dir/CMakeCCompilerABI.c.o   -c /usr/share/cmake-3.5/Modules/CMakeCCompilerABI.c]
  ignore line: [Linking C executable cmTC_e16d1]
  ignore line: [/usr/bin/cmake -E cmake_link_script CMakeFiles/cmTC_e16d1.dir/link.txt --verbose=1]
  ignore line: [/usr/bin/cc      -v CMakeFiles/cmTC_e16d1.dir/CMakeCCompilerABI.c.o  -o cmTC_e16d1 -rdynamic  ]
  ignore line: [Using built-in specs.]
  ignore line: [COLLECT_GCC=/usr/bin/cc]
  ignore line: [COLLECT_LTO_WRAPPER=/usr/lib/gcc/x86_64-linux-gnu/6/lto-wrapper]
  ignore line: [Target: x86_64-linux-gnu]
  ignore line: [Configured with: ../src/configure -v --with-pkgversion='Ubuntu 6.2.0-3ubuntu11~16.04' --with-bugurl=file:///usr/share/doc/gcc-6/README.Bugs --enable-languages=c,ada,c++,java,go,d,fortran,objc,obj-c++ --prefix=/usr --program-suffix=-6 --enable-shared --enable-linker-build-id --libexecdir=/usr/lib --without-included-gettext --enable-threads=posix --libdir=/usr/lib --enable-nls --with-sysroot=/ --enable-clocale=gnu --enable-libstdcxx-debug --enable-libstdcxx-time=yes --with-default-libstdcxx-abi=new --enable-gnu-unique-object --disable-vtable-verify --enable-libmpx --enable-plugin --with-system-zlib --disable-browser-plugin --enable-java-awt=gtk --enable-gtk-cairo --with-java-home=/usr/lib/jvm/java-1.5.0-gcj-6-amd64/jre --enable-java-home --with-jvm-root-dir=/usr/lib/jvm/java-1.5.0-gcj-6-amd64 --with-jvm-jar-dir=/usr/lib/jvm-exports/java-1.5.0-gcj-6-amd64 --with-arch-directory=amd64 --with-ecj-jar=/usr/share/java/eclipse-ecj.jar --enable-objc-gc --enable-multiarch --disable-werror --with-arch-32=i686 --with-abi=m64 --with-multilib-list=m32,m64,mx32 --enable-multilib --with-tune=generic --enable-checking=release --build=x86_64-linux-gnu --host=x86_64-linux-gnu --target=x86_64-linux-gnu]
  ignore line: [Thread model: posix]
  ignore line: [gcc version 6.2.0 20160901 (Ubuntu 6.2.0-3ubuntu11~16.04) ]
  ignore line: [COMPILER_PATH=/usr/lib/gcc/x86_64-linux-gnu/6/:/usr/lib/gcc/x86_64-linux-gnu/6/:/usr/lib/gcc/x86_64-linux-gnu/:/usr/lib/gcc/x86_64-linux-gnu/6/:/usr/lib/gcc/x86_64-linux-gnu/]
  ignore line: [LIBRARY_PATH=/usr/lib/gcc/x86_64-linux-gnu/6/:/usr/lib/gcc/x86_64-linux-gnu/6/../../../x86_64-linux-gnu/:/usr/lib/gcc/x86_64-linux-gnu/6/../../../../lib/:/lib/x86_64-linux-gnu/:/lib/../lib/:/usr/lib/x86_64-linux-gnu/:/usr/lib/../lib/:/usr/lib/gcc/x86_64-linux-gnu/6/../../../:/lib/:/usr/lib/]
  ignore line: [COLLECT_GCC_OPTIONS='-v' '-o' 'cmTC_e16d1' '-rdynamic' '-mtune=generic' '-march=x86-64']
  link line: [ /usr/lib/gcc/x86_64-linux-gnu/6/collect2 -plugin /usr/lib/gcc/x86_64-linux-gnu/6/liblto_plugin.so -plugin-opt=/usr/lib/gcc/x86_64-linux-gnu/6/lto-wrapper -plugin-opt=-fresolution=/tmp/cc2I1Pg5.res -plugin-opt=-pass-through=-lgcc -plugin-opt=-pass-through=-lgcc_s -plugin-opt=-pass-through=-lc -plugin-opt=-pass-through=-lgcc -plugin-opt=-pass-through=-lgcc_s --sysroot=/ --build-id --eh-frame-hdr -m elf_x86_64 --hash-style=gnu --as-needed -export-dynamic -dynamic-linker /lib64/ld-linux-x86-64.so.2 -z relro -o cmTC_e16d1 /usr/lib/gcc/x86_64-linux-gnu/6/../../../x86_64-linux-gnu/crt1.o /usr/lib/gcc/x86_64-linux-gnu/6/../../../x86_64-linux-gnu/crti.o /usr/lib/gcc/x86_64-linux-gnu/6/crtbegin.o -L/usr/lib/gcc/x86_64-linux-gnu/6 -L/usr/lib/gcc/x86_64-linux-gnu/6/../../../x86_64-linux-gnu -L/usr/lib/gcc/x86_64-linux-gnu/6/../../../../lib -L/lib/x86_64-linux-gnu -L/lib/../lib -L/usr/lib/x86_64-linux-gnu -L/usr/lib/../lib -L/usr/lib/gcc/x86_64-linux-gnu/6/../../.. CMakeFiles/cmTC_e16d1.dir/CMakeCCompilerABI.c.o -lgcc --as-needed -lgcc_s --no-as-needed -lc -lgcc --as-needed -lgcc_s --no-as-needed /usr/lib/gcc/x86_64-linux-gnu/6/crtend.o /usr/lib/gcc/x86_64-linux-gnu/6/../../../x86_64-linux-gnu/crtn.o]
    arg [/usr/lib/gcc/x86_64-linux-gnu/6/collect2] ==> ignore
    arg [-plugin] ==> ignore
    arg [/usr/lib/gcc/x86_64-linux-gnu/6/liblto_plugin.so] ==> ignore
    arg [-plugin-opt=/usr/lib/gcc/x86_64-linux-gnu/6/lto-wrapper] ==> ignore
    arg [-plugin-opt=-fresolution=/tmp/cc2I1Pg5.res] ==> ignore
    arg [-plugin-opt=-pass-through=-lgcc] ==> ignore
    arg [-plugin-opt=-pass-through=-lgcc_s] ==> ignore
    arg [-plugin-opt=-pass-through=-lc] ==> ignore
    arg [-plugin-opt=-pass-through=-lgcc] ==> ignore
    arg [-plugin-opt=-pass-through=-lgcc_s] ==> ignore
    arg [--sysroot=/] ==> ignore
    arg [--build-id] ==> ignore
    arg [--eh-frame-hdr] ==> ignore
    arg [-m] ==> ignore
    arg [elf_x86_64] ==> ignore
    arg [--hash-style=gnu] ==> ignore
    arg [--as-needed] ==> ignore
    arg [-export-dynamic] ==> ignore
    arg [-dynamic-linker] ==> ignore
    arg [/lib64/ld-linux-x86-64.so.2] ==> ignore
    arg [-zrelro] ==> ignore
    arg [-o] ==> ignore
    arg [cmTC_e16d1] ==> ignore
    arg [/usr/lib/gcc/x86_64-linux-gnu/6/../../../x86_64-linux-gnu/crt1.o] ==> ignore
    arg [/usr/lib/gcc/x86_64-linux-gnu/6/../../../x86_64-linux-gnu/crti.o] ==> ignore
    arg [/usr/lib/gcc/x86_64-linux-gnu/6/crtbegin.o] ==> ignore
    arg [-L/usr/lib/gcc/x86_64-linux-gnu/6] ==> dir [/usr/lib/gcc/x86_64-linux-gnu/6]
    arg [-L/usr/lib/gcc/x86_64-linux-gnu/6/../../../x86_64-linux-gnu] ==> dir [/usr/lib/gcc/x86_64-linux-gnu/6/../../../x86_64-linux-gnu]
    arg [-L/usr/lib/gcc/x86_64-linux-gnu/6/../../../../lib] ==> dir [/usr/lib/gcc/x86_64-linux-gnu/6/../../../../lib]
    arg [-L/lib/x86_64-linux-gnu] ==> dir [/lib/x86_64-linux-gnu]
    arg [-L/lib/../lib] ==> dir [/lib/../lib]
    arg [-L/usr/lib/x86_64-linux-gnu] ==> dir [/usr/lib/x86_64-linux-gnu]
    arg [-L/usr/lib/../lib] ==> dir [/usr/lib/../lib]
    arg [-L/usr/lib/gcc/x86_64-linux-gnu/6/../../..] ==> dir [/usr/lib/gcc/x86_64-linux-gnu/6/../../..]
    arg [CMakeFiles/cmTC_e16d1.dir/CMakeCCompilerABI.c.o] ==> ignore
    arg [-lgcc] ==> lib [gcc]
    arg [--as-needed] ==> ignore
    arg [-lgcc_s] ==> lib [gcc_s]
    arg [--no-as-needed] ==> ignore
    arg [-lc] ==> lib [c]
    arg [-lgcc] ==> lib [gcc]
    arg [--as-needed] ==> ignore
    arg [-lgcc_s] ==> lib [gcc_s]
    arg [--no-as-needed] ==> ignore
    arg [/usr/lib/gcc/x86_64-linux-gnu/6/crtend.o] ==> ignore
    arg [/usr/lib/gcc/x86_64-linux-gnu/6/../../../x86_64-linux-gnu/crtn.o] ==> ignore
  remove lib [gcc]
  remove lib [gcc_s]
  remove lib [gcc]
  remove lib [gcc_s]
  collapse library dir [/usr/lib/gcc/x86_64-linux-gnu/6] ==> [/usr/lib/gcc/x86_64-linux-gnu/6]
  collapse library dir [/usr/lib/gcc/x86_64-linux-gnu/6/../../../x86_64-linux-gnu] ==> [/usr/lib/x86_64-linux-gnu]
  collapse library dir [/usr/lib/gcc/x86_64-linux-gnu/6/../../../../lib] ==> [/usr/lib]
  collapse library dir [/lib/x86_64-linux-gnu] ==> [/lib/x86_64-linux-gnu]
  collapse library dir [/lib/../lib] ==> [/lib]
  collapse library dir [/usr/lib/x86_64-linux-gnu] ==> [/usr/lib/x86_64-linux-gnu]
  collapse library dir [/usr/lib/../lib] ==> [/usr/lib]
  collapse library dir [/usr/lib/gcc/x86_64-linux-gnu/6/../../..] ==> [/usr/lib]
  implicit libs: [c]
  implicit dirs: [/usr/lib/gcc/x86_64-linux-gnu/6;/usr/lib/x86_64-linux-gnu;/usr/lib;/lib/x86_64-linux-gnu;/lib]
  implicit fwks: []




Detecting C [-std=c11] compiler features compiled with the following output:
Change Dir: /home/aditya/CSE180/src/pcl-pcl-1.7.2/build/CMakeFiles/CMakeTmp

Run Build Command:"/usr/bin/make" "cmTC_ff5bc/fast"
/usr/bin/make -f CMakeFiles/cmTC_ff5bc.dir/build.make CMakeFiles/cmTC_ff5bc.dir/build
make[1]: Entering directory '/home/aditya/CSE180/src/pcl-pcl-1.7.2/build/CMakeFiles/CMakeTmp'
Building C object CMakeFiles/cmTC_ff5bc.dir/feature_tests.c.o
/usr/bin/cc    -std=c11 -o CMakeFiles/cmTC_ff5bc.dir/feature_tests.c.o   -c /home/aditya/CSE180/src/pcl-pcl-1.7.2/build/CMakeFiles/feature_tests.c
Linking C executable cmTC_ff5bc
/usr/bin/cmake -E cmake_link_script CMakeFiles/cmTC_ff5bc.dir/link.txt --verbose=1
/usr/bin/cc       CMakeFiles/cmTC_ff5bc.dir/feature_tests.c.o  -o cmTC_ff5bc -rdynamic 
make[1]: Leaving directory '/home/aditya/CSE180/src/pcl-pcl-1.7.2/build/CMakeFiles/CMakeTmp'


    Feature record: C_FEATURE:1c_function_prototypes
    Feature record: C_FEATURE:1c_restrict
    Feature record: C_FEATURE:1c_static_assert
    Feature record: C_FEATURE:1c_variadic_macros


Detecting C [-std=c99] compiler features compiled with the following output:
Change Dir: /home/aditya/CSE180/src/pcl-pcl-1.7.2/build/CMakeFiles/CMakeTmp

Run Build Command:"/usr/bin/make" "cmTC_0c909/fast"
/usr/bin/make -f CMakeFiles/cmTC_0c909.dir/build.make CMakeFiles/cmTC_0c909.dir/build
make[1]: Entering directory '/home/aditya/CSE180/src/pcl-pcl-1.7.2/build/CMakeFiles/CMakeTmp'
Building C object CMakeFiles/cmTC_0c909.dir/feature_tests.c.o
/usr/bin/cc    -std=c99 -o CMakeFiles/cmTC_0c909.dir/feature_tests.c.o   -c /home/aditya/CSE180/src/pcl-pcl-1.7.2/build/CMakeFiles/feature_tests.c
Linking C executable cmTC_0c909
/usr/bin/cmake -E cmake_link_script CMakeFiles/cmTC_0c909.dir/link.txt --verbose=1
/usr/bin/cc       CMakeFiles/cmTC_0c909.dir/feature_tests.c.o  -o cmTC_0c909 -rdynamic 
make[1]: Leaving directory '/home/aditya/CSE180/src/pcl-pcl-1.7.2/build/CMakeFiles/CMakeTmp'


    Feature record: C_FEATURE:1c_function_prototypes
    Feature record: C_FEATURE:1c_restrict
    Feature record: C_FEATURE:0c_static_assert
    Feature record: C_FEATURE:1c_variadic_macros


Detecting C [-std=c90] compiler features compiled with the following output:
Change Dir: /home/aditya/CSE180/src/pcl-pcl-1.7.2/build/CMakeFiles/CMakeTmp

Run Build Command:"/usr/bin/make" "cmTC_4e581/fast"
/usr/bin/make -f CMakeFiles/cmTC_4e581.dir/build.make CMakeFiles/cmTC_4e581.dir/build
make[1]: Entering directory '/home/aditya/CSE180/src/pcl-pcl-1.7.2/build/CMakeFiles/CMakeTmp'
Building C object CMakeFiles/cmTC_4e581.dir/feature_tests.c.o
/usr/bin/cc    -std=c90 -o CMakeFiles/cmTC_4e581.dir/feature_tests.c.o   -c /home/aditya/CSE180/src/pcl-pcl-1.7.2/build/CMakeFiles/feature_tests.c
Linking C executable cmTC_4e581
/usr/bin/cmake -E cmake_link_script CMakeFiles/cmTC_4e581.dir/link.txt --verbose=1
/usr/bin/cc       CMakeFiles/cmTC_4e581.dir/feature_tests.c.o  -o cmTC_4e581 -rdynamic 
make[1]: Leaving directory '/home/aditya/CSE180/src/pcl-pcl-1.7.2/build/CMakeFiles/CMakeTmp'


    Feature record: C_FEATURE:1c_function_prototypes
    Feature record: C_FEATURE:0c_restrict
    Feature record: C_FEATURE:0c_static_assert
    Feature record: C_FEATURE:0c_variadic_macros
Determining if the CXX compiler works passed with the following output:
Change Dir: /home/aditya/CSE180/src/pcl-pcl-1.7.2/build/CMakeFiles/CMakeTmp

Run Build Command:"/usr/bin/make" "cmTC_a6022/fast"
/usr/bin/make -f CMakeFiles/cmTC_a6022.dir/build.make CMakeFiles/cmTC_a6022.dir/build
make[1]: Entering directory '/home/aditya/CSE180/src/pcl-pcl-1.7.2/build/CMakeFiles/CMakeTmp'
Building CXX object CMakeFiles/cmTC_a6022.dir/testCXXCompiler.cxx.o
/usr/bin/c++      -o CMakeFiles/cmTC_a6022.dir/testCXXCompiler.cxx.o -c /home/aditya/CSE180/src/pcl-pcl-1.7.2/build/CMakeFiles/CMakeTmp/testCXXCompiler.cxx
Linking CXX executable cmTC_a6022
/usr/bin/cmake -E cmake_link_script CMakeFiles/cmTC_a6022.dir/link.txt --verbose=1
/usr/bin/c++        CMakeFiles/cmTC_a6022.dir/testCXXCompiler.cxx.o  -o cmTC_a6022 -rdynamic 
make[1]: Leaving directory '/home/aditya/CSE180/src/pcl-pcl-1.7.2/build/CMakeFiles/CMakeTmp'


Detecting CXX compiler ABI info compiled with the following output:
Change Dir: /home/aditya/CSE180/src/pcl-pcl-1.7.2/build/CMakeFiles/CMakeTmp

Run Build Command:"/usr/bin/make" "cmTC_a7da3/fast"
/usr/bin/make -f CMakeFiles/cmTC_a7da3.dir/build.make CMakeFiles/cmTC_a7da3.dir/build
make[1]: Entering directory '/home/aditya/CSE180/src/pcl-pcl-1.7.2/build/CMakeFiles/CMakeTmp'
Building CXX object CMakeFiles/cmTC_a7da3.dir/CMakeCXXCompilerABI.cpp.o
/usr/bin/c++      -o CMakeFiles/cmTC_a7da3.dir/CMakeCXXCompilerABI.cpp.o -c /usr/share/cmake-3.5/Modules/CMakeCXXCompilerABI.cpp
Linking CXX executable cmTC_a7da3
/usr/bin/cmake -E cmake_link_script CMakeFiles/cmTC_a7da3.dir/link.txt --verbose=1
/usr/bin/c++       -v CMakeFiles/cmTC_a7da3.dir/CMakeCXXCompilerABI.cpp.o  -o cmTC_a7da3 -rdynamic  
Using built-in specs.
COLLECT_GCC=/usr/bin/c++
COLLECT_LTO_WRAPPER=/usr/lib/gcc/x86_64-linux-gnu/6/lto-wrapper
Target: x86_64-linux-gnu
Configured with: ../src/configure -v --with-pkgversion='Ubuntu 6.2.0-3ubuntu11~16.04' --with-bugurl=file:///usr/share/doc/gcc-6/README.Bugs --enable-languages=c,ada,c++,java,go,d,fortran,objc,obj-c++ --prefix=/usr --program-suffix=-6 --enable-shared --enable-linker-build-id --libexecdir=/usr/lib --without-included-gettext --enable-threads=posix --libdir=/usr/lib --enable-nls --with-sysroot=/ --enable-clocale=gnu --enable-libstdcxx-debug --enable-libstdcxx-time=yes --with-default-libstdcxx-abi=new --enable-gnu-unique-object --disable-vtable-verify --enable-libmpx --enable-plugin --with-system-zlib --disable-browser-plugin --enable-java-awt=gtk --enable-gtk-cairo --with-java-home=/usr/lib/jvm/java-1.5.0-gcj-6-amd64/jre --enable-java-home --with-jvm-root-dir=/usr/lib/jvm/java-1.5.0-gcj-6-amd64 --with-jvm-jar-dir=/usr/lib/jvm-exports/java-1.5.0-gcj-6-amd64 --with-arch-directory=amd64 --with-ecj-jar=/usr/share/java/eclipse-ecj.jar --enable-objc-gc --enable-multiarch --disable-werror --with-arch-32=i686 --with-abi=m64 --with-multilib-list=m32,m64,mx32 --enable-multilib --with-tune=generic --enable-checking=release --build=x86_64-linux-gnu --host=x86_64-linux-gnu --target=x86_64-linux-gnu
Thread model: posix
gcc version 6.2.0 20160901 (Ubuntu 6.2.0-3ubuntu11~16.04) 
COMPILER_PATH=/usr/lib/gcc/x86_64-linux-gnu/6/:/usr/lib/gcc/x86_64-linux-gnu/6/:/usr/lib/gcc/x86_64-linux-gnu/:/usr/lib/gcc/x86_64-linux-gnu/6/:/usr/lib/gcc/x86_64-linux-gnu/
LIBRARY_PATH=/usr/lib/gcc/x86_64-linux-gnu/6/:/usr/lib/gcc/x86_64-linux-gnu/6/../../../x86_64-linux-gnu/:/usr/lib/gcc/x86_64-linux-gnu/6/../../../../lib/:/lib/x86_64-linux-gnu/:/lib/../lib/:/usr/lib/x86_64-linux-gnu/:/usr/lib/../lib/:/usr/lib/gcc/x86_64-linux-gnu/6/../../../:/lib/:/usr/lib/
COLLECT_GCC_OPTIONS='-v' '-o' 'cmTC_a7da3' '-rdynamic' '-shared-libgcc' '-mtune=generic' '-march=x86-64'
 /usr/lib/gcc/x86_64-linux-gnu/6/collect2 -plugin /usr/lib/gcc/x86_64-linux-gnu/6/liblto_plugin.so -plugin-opt=/usr/lib/gcc/x86_64-linux-gnu/6/lto-wrapper -plugin-opt=-fresolution=/tmp/ccwAEsDM.res -plugin-opt=-pass-through=-lgcc_s -plugin-opt=-pass-through=-lgcc -plugin-opt=-pass-through=-lc -plugin-opt=-pass-through=-lgcc_s -plugin-opt=-pass-through=-lgcc --sysroot=/ --build-id --eh-frame-hdr -m elf_x86_64 --hash-style=gnu --as-needed -export-dynamic -dynamic-linker /lib64/ld-linux-x86-64.so.2 -z relro -o cmTC_a7da3 /usr/lib/gcc/x86_64-linux-gnu/6/../../../x86_64-linux-gnu/crt1.o /usr/lib/gcc/x86_64-linux-gnu/6/../../../x86_64-linux-gnu/crti.o /usr/lib/gcc/x86_64-linux-gnu/6/crtbegin.o -L/usr/lib/gcc/x86_64-linux-gnu/6 -L/usr/lib/gcc/x86_64-linux-gnu/6/../../../x86_64-linux-gnu -L/usr/lib/gcc/x86_64-linux-gnu/6/../../../../lib -L/lib/x86_64-linux-gnu -L/lib/../lib -L/usr/lib/x86_64-linux-gnu -L/usr/lib/../lib -L/usr/lib/gcc/x86_64-linux-gnu/6/../../.. CMakeFiles/cmTC_a7da3.dir/CMakeCXXCompilerABI.cpp.o -lstdc++ -lm -lgcc_s -lgcc -lc -lgcc_s -lgcc /usr/lib/gcc/x86_64-linux-gnu/6/crtend.o /usr/lib/gcc/x86_64-linux-gnu/6/../../../x86_64-linux-gnu/crtn.o
COLLECT_GCC_OPTIONS='-v' '-o' 'cmTC_a7da3' '-rdynamic' '-shared-libgcc' '-mtune=generic' '-march=x86-64'
make[1]: Leaving directory '/home/aditya/CSE180/src/pcl-pcl-1.7.2/build/CMakeFiles/CMakeTmp'


Parsed CXX implicit link information from above output:
  link line regex: [^( *|.*[/\])(ld|([^/\]+-)?ld|collect2)[^/\]*( |$)]
  ignore line: [Change Dir: /home/aditya/CSE180/src/pcl-pcl-1.7.2/build/CMakeFiles/CMakeTmp]
  ignore line: []
  ignore line: [Run Build Command:"/usr/bin/make" "cmTC_a7da3/fast"]
  ignore line: [/usr/bin/make -f CMakeFiles/cmTC_a7da3.dir/build.make CMakeFiles/cmTC_a7da3.dir/build]
  ignore line: [make[1]: Entering directory '/home/aditya/CSE180/src/pcl-pcl-1.7.2/build/CMakeFiles/CMakeTmp']
  ignore line: [Building CXX object CMakeFiles/cmTC_a7da3.dir/CMakeCXXCompilerABI.cpp.o]
  ignore line: [/usr/bin/c++      -o CMakeFiles/cmTC_a7da3.dir/CMakeCXXCompilerABI.cpp.o -c /usr/share/cmake-3.5/Modules/CMakeCXXCompilerABI.cpp]
  ignore line: [Linking CXX executable cmTC_a7da3]
  ignore line: [/usr/bin/cmake -E cmake_link_script CMakeFiles/cmTC_a7da3.dir/link.txt --verbose=1]
  ignore line: [/usr/bin/c++       -v CMakeFiles/cmTC_a7da3.dir/CMakeCXXCompilerABI.cpp.o  -o cmTC_a7da3 -rdynamic  ]
  ignore line: [Using built-in specs.]
  ignore line: [COLLECT_GCC=/usr/bin/c++]
  ignore line: [COLLECT_LTO_WRAPPER=/usr/lib/gcc/x86_64-linux-gnu/6/lto-wrapper]
  ignore line: [Target: x86_64-linux-gnu]
  ignore line: [Configured with: ../src/configure -v --with-pkgversion='Ubuntu 6.2.0-3ubuntu11~16.04' --with-bugurl=file:///usr/share/doc/gcc-6/README.Bugs --enable-languages=c,ada,c++,java,go,d,fortran,objc,obj-c++ --prefix=/usr --program-suffix=-6 --enable-shared --enable-linker-build-id --libexecdir=/usr/lib --without-included-gettext --enable-threads=posix --libdir=/usr/lib --enable-nls --with-sysroot=/ --enable-clocale=gnu --enable-libstdcxx-debug --enable-libstdcxx-time=yes --with-default-libstdcxx-abi=new --enable-gnu-unique-object --disable-vtable-verify --enable-libmpx --enable-plugin --with-system-zlib --disable-browser-plugin --enable-java-awt=gtk --enable-gtk-cairo --with-java-home=/usr/lib/jvm/java-1.5.0-gcj-6-amd64/jre --enable-java-home --with-jvm-root-dir=/usr/lib/jvm/java-1.5.0-gcj-6-amd64 --with-jvm-jar-dir=/usr/lib/jvm-exports/java-1.5.0-gcj-6-amd64 --with-arch-directory=amd64 --with-ecj-jar=/usr/share/java/eclipse-ecj.jar --enable-objc-gc --enable-multiarch --disable-werror --with-arch-32=i686 --with-abi=m64 --with-multilib-list=m32,m64,mx32 --enable-multilib --with-tune=generic --enable-checking=release --build=x86_64-linux-gnu --host=x86_64-linux-gnu --target=x86_64-linux-gnu]
  ignore line: [Thread model: posix]
  ignore line: [gcc version 6.2.0 20160901 (Ubuntu 6.2.0-3ubuntu11~16.04) ]
  ignore line: [COMPILER_PATH=/usr/lib/gcc/x86_64-linux-gnu/6/:/usr/lib/gcc/x86_64-linux-gnu/6/:/usr/lib/gcc/x86_64-linux-gnu/:/usr/lib/gcc/x86_64-linux-gnu/6/:/usr/lib/gcc/x86_64-linux-gnu/]
  ignore line: [LIBRARY_PATH=/usr/lib/gcc/x86_64-linux-gnu/6/:/usr/lib/gcc/x86_64-linux-gnu/6/../../../x86_64-linux-gnu/:/usr/lib/gcc/x86_64-linux-gnu/6/../../../../lib/:/lib/x86_64-linux-gnu/:/lib/../lib/:/usr/lib/x86_64-linux-gnu/:/usr/lib/../lib/:/usr/lib/gcc/x86_64-linux-gnu/6/../../../:/lib/:/usr/lib/]
  ignore line: [COLLECT_GCC_OPTIONS='-v' '-o' 'cmTC_a7da3' '-rdynamic' '-shared-libgcc' '-mtune=generic' '-march=x86-64']
  link line: [ /usr/lib/gcc/x86_64-linux-gnu/6/collect2 -plugin /usr/lib/gcc/x86_64-linux-gnu/6/liblto_plugin.so -plugin-opt=/usr/lib/gcc/x86_64-linux-gnu/6/lto-wrapper -plugin-opt=-fresolution=/tmp/ccwAEsDM.res -plugin-opt=-pass-through=-lgcc_s -plugin-opt=-pass-through=-lgcc -plugin-opt=-pass-through=-lc -plugin-opt=-pass-through=-lgcc_s -plugin-opt=-pass-through=-lgcc --sysroot=/ --build-id --eh-frame-hdr -m elf_x86_64 --hash-style=gnu --as-needed -export-dynamic -dynamic-linker /lib64/ld-linux-x86-64.so.2 -z relro -o cmTC_a7da3 /usr/lib/gcc/x86_64-linux-gnu/6/../../../x86_64-linux-gnu/crt1.o /usr/lib/gcc/x86_64-linux-gnu/6/../../../x86_64-linux-gnu/crti.o /usr/lib/gcc/x86_64-linux-gnu/6/crtbegin.o -L/usr/lib/gcc/x86_64-linux-gnu/6 -L/usr/lib/gcc/x86_64-linux-gnu/6/../../../x86_64-linux-gnu -L/usr/lib/gcc/x86_64-linux-gnu/6/../../../../lib -L/lib/x86_64-linux-gnu -L/lib/../lib -L/usr/lib/x86_64-linux-gnu -L/usr/lib/../lib -L/usr/lib/gcc/x86_64-linux-gnu/6/../../.. CMakeFiles/cmTC_a7da3.dir/CMakeCXXCompilerABI.cpp.o -lstdc++ -lm -lgcc_s -lgcc -lc -lgcc_s -lgcc /usr/lib/gcc/x86_64-linux-gnu/6/crtend.o /usr/lib/gcc/x86_64-linux-gnu/6/../../../x86_64-linux-gnu/crtn.o]
    arg [/usr/lib/gcc/x86_64-linux-gnu/6/collect2] ==> ignore
    arg [-plugin] ==> ignore
    arg [/usr/lib/gcc/x86_64-linux-gnu/6/liblto_plugin.so] ==> ignore
    arg [-plugin-opt=/usr/lib/gcc/x86_64-linux-gnu/6/lto-wrapper] ==> ignore
    arg [-plugin-opt=-fresolution=/tmp/ccwAEsDM.res] ==> ignore
    arg [-plugin-opt=-pass-through=-lgcc_s] ==> ignore
    arg [-plugin-opt=-pass-through=-lgcc] ==> ignore
    arg [-plugin-opt=-pass-through=-lc] ==> ignore
    arg [-plugin-opt=-pass-through=-lgcc_s] ==> ignore
    arg [-plugin-opt=-pass-through=-lgcc] ==> ignore
    arg [--sysroot=/] ==> ignore
    arg [--build-id] ==> ignore
    arg [--eh-frame-hdr] ==> ignore
    arg [-m] ==> ignore
    arg [elf_x86_64] ==> ignore
    arg [--hash-style=gnu] ==> ignore
    arg [--as-needed] ==> ignore
    arg [-export-dynamic] ==> ignore
    arg [-dynamic-linker] ==> ignore
    arg [/lib64/ld-linux-x86-64.so.2] ==> ignore
    arg [-zrelro] ==> ignore
    arg [-o] ==> ignore
    arg [cmTC_a7da3] ==> ignore
    arg [/usr/lib/gcc/x86_64-linux-gnu/6/../../../x86_64-linux-gnu/crt1.o] ==> ignore
    arg [/usr/lib/gcc/x86_64-linux-gnu/6/../../../x86_64-linux-gnu/crti.o] ==> ignore
    arg [/usr/lib/gcc/x86_64-linux-gnu/6/crtbegin.o] ==> ignore
    arg [-L/usr/lib/gcc/x86_64-linux-gnu/6] ==> dir [/usr/lib/gcc/x86_64-linux-gnu/6]
    arg [-L/usr/lib/gcc/x86_64-linux-gnu/6/../../../x86_64-linux-gnu] ==> dir [/usr/lib/gcc/x86_64-linux-gnu/6/../../../x86_64-linux-gnu]
    arg [-L/usr/lib/gcc/x86_64-linux-gnu/6/../../../../lib] ==> dir [/usr/lib/gcc/x86_64-linux-gnu/6/../../../../lib]
    arg [-L/lib/x86_64-linux-gnu] ==> dir [/lib/x86_64-linux-gnu]
    arg [-L/lib/../lib] ==> dir [/lib/../lib]
    arg [-L/usr/lib/x86_64-linux-gnu] ==> dir [/usr/lib/x86_64-linux-gnu]
    arg [-L/usr/lib/../lib] ==> dir [/usr/lib/../lib]
    arg [-L/usr/lib/gcc/x86_64-linux-gnu/6/../../..] ==> dir [/usr/lib/gcc/x86_64-linux-gnu/6/../../..]
    arg [CMakeFiles/cmTC_a7da3.dir/CMakeCXXCompilerABI.cpp.o] ==> ignore
    arg [-lstdc++] ==> lib [stdc++]
    arg [-lm] ==> lib [m]
    arg [-lgcc_s] ==> lib [gcc_s]
    arg [-lgcc] ==> lib [gcc]
    arg [-lc] ==> lib [c]
    arg [-lgcc_s] ==> lib [gcc_s]
    arg [-lgcc] ==> lib [gcc]
    arg [/usr/lib/gcc/x86_64-linux-gnu/6/crtend.o] ==> ignore
    arg [/usr/lib/gcc/x86_64-linux-gnu/6/../../../x86_64-linux-gnu/crtn.o] ==> ignore
  remove lib [gcc_s]
  remove lib [gcc]
  remove lib [gcc_s]
  remove lib [gcc]
  collapse library dir [/usr/lib/gcc/x86_64-linux-gnu/6] ==> [/usr/lib/gcc/x86_64-linux-gnu/6]
  collapse library dir [/usr/lib/gcc/x86_64-linux-gnu/6/../../../x86_64-linux-gnu] ==> [/usr/lib/x86_64-linux-gnu]
  collapse library dir [/usr/lib/gcc/x86_64-linux-gnu/6/../../../../lib] ==> [/usr/lib]
  collapse library dir [/lib/x86_64-linux-gnu] ==> [/lib/x86_64-linux-gnu]
  collapse library dir [/lib/../lib] ==> [/lib]
  collapse library dir [/usr/lib/x86_64-linux-gnu] ==> [/usr/lib/x86_64-linux-gnu]
  collapse library dir [/usr/lib/../lib] ==> [/usr/lib]
  collapse library dir [/usr/lib/gcc/x86_64-linux-gnu/6/../../..] ==> [/usr/lib]
  implicit libs: [stdc++;m;c]
  implicit dirs: [/usr/lib/gcc/x86_64-linux-gnu/6;/usr/lib/x86_64-linux-gnu;/usr/lib;/lib/x86_64-linux-gnu;/lib]
  implicit fwks: []




Detecting CXX [-std=c++14] compiler features compiled with the following output:
Change Dir: /home/aditya/CSE180/src/pcl-pcl-1.7.2/build/CMakeFiles/CMakeTmp

Run Build Command:"/usr/bin/make" "cmTC_7bb0a/fast"
/usr/bin/make -f CMakeFiles/cmTC_7bb0a.dir/build.make CMakeFiles/cmTC_7bb0a.dir/build
make[1]: Entering directory '/home/aditya/CSE180/src/pcl-pcl-1.7.2/build/CMakeFiles/CMakeTmp'
Building CXX object CMakeFiles/cmTC_7bb0a.dir/feature_tests.cxx.o
/usr/bin/c++     -std=c++14 -o CMakeFiles/cmTC_7bb0a.dir/feature_tests.cxx.o -c /home/aditya/CSE180/src/pcl-pcl-1.7.2/build/CMakeFiles/feature_tests.cxx
Linking CXX executable cmTC_7bb0a
/usr/bin/cmake -E cmake_link_script CMakeFiles/cmTC_7bb0a.dir/link.txt --verbose=1
/usr/bin/c++        CMakeFiles/cmTC_7bb0a.dir/feature_tests.cxx.o  -o cmTC_7bb0a -rdynamic 
make[1]: Leaving directory '/home/aditya/CSE180/src/pcl-pcl-1.7.2/build/CMakeFiles/CMakeTmp'


    Feature record: CXX_FEATURE:1cxx_aggregate_default_initializers
    Feature record: CXX_FEATURE:1cxx_alias_templates
    Feature record: CXX_FEATURE:1cxx_alignas
    Feature record: CXX_FEATURE:1cxx_alignof
    Feature record: CXX_FEATURE:1cxx_attributes
    Feature record: CXX_FEATURE:1cxx_attribute_deprecated
    Feature record: CXX_FEATURE:1cxx_auto_type
    Feature record: CXX_FEATURE:1cxx_binary_literals
    Feature record: CXX_FEATURE:1cxx_constexpr
    Feature record: CXX_FEATURE:1cxx_contextual_conversions
    Feature record: CXX_FEATURE:1cxx_decltype
    Feature record: CXX_FEATURE:1cxx_decltype_auto
    Feature record: CXX_FEATURE:1cxx_decltype_incomplete_return_types
    Feature record: CXX_FEATURE:1cxx_default_function_template_args
    Feature record: CXX_FEATURE:1cxx_defaulted_functions
    Feature record: CXX_FEATURE:1cxx_defaulted_move_initializers
    Feature record: CXX_FEATURE:1cxx_delegating_constructors
    Feature record: CXX_FEATURE:1cxx_deleted_functions
    Feature record: CXX_FEATURE:1cxx_digit_separators
    Feature record: CXX_FEATURE:1cxx_enum_forward_declarations
    Feature record: CXX_FEATURE:1cxx_explicit_conversions
    Feature record: CXX_FEATURE:1cxx_extended_friend_declarations
    Feature record: CXX_FEATURE:1cxx_extern_templates
    Feature record: CXX_FEATURE:1cxx_final
    Feature record: CXX_FEATURE:1cxx_func_identifier
    Feature record: CXX_FEATURE:1cxx_generalized_initializers
    Feature record: CXX_FEATURE:1cxx_generic_lambdas
    Feature record: CXX_FEATURE:1cxx_inheriting_constructors
    Feature record: CXX_FEATURE:1cxx_inline_namespaces
    Feature record: CXX_FEATURE:1cxx_lambdas
    Feature record: CXX_FEATURE:1cxx_lambda_init_captures
    Feature record: CXX_FEATURE:1cxx_local_type_template_args
    Feature record: CXX_FEATURE:1cxx_long_long_type
    Feature record: CXX_FEATURE:1cxx_noexcept
    Feature record: CXX_FEATURE:1cxx_nonstatic_member_init
    Feature record: CXX_FEATURE:1cxx_nullptr
    Feature record: CXX_FEATURE:1cxx_override
    Feature record: CXX_FEATURE:1cxx_range_for
    Feature record: CXX_FEATURE:1cxx_raw_string_literals
    Feature record: CXX_FEATURE:1cxx_reference_qualified_functions
    Feature record: CXX_FEATURE:1cxx_relaxed_constexpr
    Feature record: CXX_FEATURE:1cxx_return_type_deduction
    Feature record: CXX_FEATURE:1cxx_right_angle_brackets
    Feature record: CXX_FEATURE:1cxx_rvalue_references
    Feature record: CXX_FEATURE:1cxx_sizeof_member
    Feature record: CXX_FEATURE:1cxx_static_assert
    Feature record: CXX_FEATURE:1cxx_strong_enums
    Feature record: CXX_FEATURE:1cxx_template_template_parameters
    Feature record: CXX_FEATURE:1cxx_thread_local
    Feature record: CXX_FEATURE:1cxx_trailing_return_types
    Feature record: CXX_FEATURE:1cxx_unicode_literals
    Feature record: CXX_FEATURE:1cxx_uniform_initialization
    Feature record: CXX_FEATURE:1cxx_unrestricted_unions
    Feature record: CXX_FEATURE:1cxx_user_literals
    Feature record: CXX_FEATURE:1cxx_variable_templates
    Feature record: CXX_FEATURE:1cxx_variadic_macros
    Feature record: CXX_FEATURE:1cxx_variadic_templates


Detecting CXX [-std=c++11] compiler features compiled with the following output:
Change Dir: /home/aditya/CSE180/src/pcl-pcl-1.7.2/build/CMakeFiles/CMakeTmp

Run Build Command:"/usr/bin/make" "cmTC_ee415/fast"
/usr/bin/make -f CMakeFiles/cmTC_ee415.dir/build.make CMakeFiles/cmTC_ee415.dir/build
make[1]: Entering directory '/home/aditya/CSE180/src/pcl-pcl-1.7.2/build/CMakeFiles/CMakeTmp'
Building CXX object CMakeFiles/cmTC_ee415.dir/feature_tests.cxx.o
/usr/bin/c++     -std=c++11 -o CMakeFiles/cmTC_ee415.dir/feature_tests.cxx.o -c /home/aditya/CSE180/src/pcl-pcl-1.7.2/build/CMakeFiles/feature_tests.cxx
Linking CXX executable cmTC_ee415
/usr/bin/cmake -E cmake_link_script CMakeFiles/cmTC_ee415.dir/link.txt --verbose=1
/usr/bin/c++        CMakeFiles/cmTC_ee415.dir/feature_tests.cxx.o  -o cmTC_ee415 -rdynamic 
make[1]: Leaving directory '/home/aditya/CSE180/src/pcl-pcl-1.7.2/build/CMakeFiles/CMakeTmp'


    Feature record: CXX_FEATURE:0cxx_aggregate_default_initializers
    Feature record: CXX_FEATURE:1cxx_alias_templates
    Feature record: CXX_FEATURE:1cxx_alignas
    Feature record: CXX_FEATURE:1cxx_alignof
    Feature record: CXX_FEATURE:1cxx_attributes
    Feature record: CXX_FEATURE:0cxx_attribute_deprecated
    Feature record: CXX_FEATURE:1cxx_auto_type
    Feature record: CXX_FEATURE:0cxx_binary_literals
    Feature record: CXX_FEATURE:1cxx_constexpr
    Feature record: CXX_FEATURE:0cxx_contextual_conversions
    Feature record: CXX_FEATURE:1cxx_decltype
    Feature record: CXX_FEATURE:0cxx_decltype_auto
    Feature record: CXX_FEATURE:1cxx_decltype_incomplete_return_types
    Feature record: CXX_FEATURE:1cxx_default_function_template_args
    Feature record: CXX_FEATURE:1cxx_defaulted_functions
    Feature record: CXX_FEATURE:1cxx_defaulted_move_initializers
    Feature record: CXX_FEATURE:1cxx_delegating_constructors
    Feature record: CXX_FEATURE:1cxx_deleted_functions
    Feature record: CXX_FEATURE:0cxx_digit_separators
    Feature record: CXX_FEATURE:1cxx_enum_forward_declarations
    Feature record: CXX_FEATURE:1cxx_explicit_conversions
    Feature record: CXX_FEATURE:1cxx_extended_friend_declarations
    Feature record: CXX_FEATURE:1cxx_extern_templates
    Feature record: CXX_FEATURE:1cxx_final
    Feature record: CXX_FEATURE:1cxx_func_identifier
    Feature record: CXX_FEATURE:1cxx_generalized_initializers
    Feature record: CXX_FEATURE:0cxx_generic_lambdas
    Feature record: CXX_FEATURE:1cxx_inheriting_constructors
    Feature record: CXX_FEATURE:1cxx_inline_namespaces
    Feature record: CXX_FEATURE:1cxx_lambdas
    Feature record: CXX_FEATURE:0cxx_lambda_init_captures
    Feature record: CXX_FEATURE:1cxx_local_type_template_args
    Feature record: CXX_FEATURE:1cxx_long_long_type
    Feature record: CXX_FEATURE:1cxx_noexcept
    Feature record: CXX_FEATURE:1cxx_nonstatic_member_init
    Feature record: CXX_FEATURE:1cxx_nullptr
    Feature record: CXX_FEATURE:1cxx_override
    Feature record: CXX_FEATURE:1cxx_range_for
    Feature record: CXX_FEATURE:1cxx_raw_string_literals
    Feature record: CXX_FEATURE:1cxx_reference_qualified_functions
    Feature record: CXX_FEATURE:0cxx_relaxed_constexpr
    Feature record: CXX_FEATURE:0cxx_return_type_deduction
    Feature record: CXX_FEATURE:1cxx_right_angle_brackets
    Feature record: CXX_FEATURE:1cxx_rvalue_references
    Feature record: CXX_FEATURE:1cxx_sizeof_member
    Feature record: CXX_FEATURE:1cxx_static_assert
    Feature record: CXX_FEATURE:1cxx_strong_enums
    Feature record: CXX_FEATURE:1cxx_template_template_parameters
    Feature record: CXX_FEATURE:1cxx_thread_local
    Feature record: CXX_FEATURE:1cxx_trailing_return_types
    Feature record: CXX_FEATURE:1cxx_unicode_literals
    Feature record: CXX_FEATURE:1cxx_uniform_initialization
    Feature record: CXX_FEATURE:1cxx_unrestricted_unions
    Feature record: CXX_FEATURE:1cxx_user_literals
    Feature record: CXX_FEATURE:0cxx_variable_templates
    Feature record: CXX_FEATURE:1cxx_variadic_macros
    Feature record: CXX_FEATURE:1cxx_variadic_templates


Detecting CXX [-std=c++98] compiler features compiled with the following output:
Change Dir: /home/aditya/CSE180/src/pcl-pcl-1.7.2/build/CMakeFiles/CMakeTmp

Run Build Command:"/usr/bin/make" "cmTC_50fb8/fast"
/usr/bin/make -f CMakeFiles/cmTC_50fb8.dir/build.make CMakeFiles/cmTC_50fb8.dir/build
make[1]: Entering directory '/home/aditya/CSE180/src/pcl-pcl-1.7.2/build/CMakeFiles/CMakeTmp'
Building CXX object CMakeFiles/cmTC_50fb8.dir/feature_tests.cxx.o
/usr/bin/c++     -std=c++98 -o CMakeFiles/cmTC_50fb8.dir/feature_tests.cxx.o -c /home/aditya/CSE180/src/pcl-pcl-1.7.2/build/CMakeFiles/feature_tests.cxx
Linking CXX executable cmTC_50fb8
/usr/bin/cmake -E cmake_link_script CMakeFiles/cmTC_50fb8.dir/link.txt --verbose=1
/usr/bin/c++        CMakeFiles/cmTC_50fb8.dir/feature_tests.cxx.o  -o cmTC_50fb8 -rdynamic 
make[1]: Leaving directory '/home/aditya/CSE180/src/pcl-pcl-1.7.2/build/CMakeFiles/CMakeTmp'


    Feature record: CXX_FEATURE:0cxx_aggregate_default_initializers
    Feature record: CXX_FEATURE:0cxx_alias_templates
    Feature record: CXX_FEATURE:0cxx_alignas
    Feature record: CXX_FEATURE:0cxx_alignof
    Feature record: CXX_FEATURE:0cxx_attributes
    Feature record: CXX_FEATURE:0cxx_attribute_deprecated
    Feature record: CXX_FEATURE:0cxx_auto_type
    Feature record: CXX_FEATURE:0cxx_binary_literals
    Feature record: CXX_FEATURE:0cxx_constexpr
    Feature record: CXX_FEATURE:0cxx_contextual_conversions
    Feature record: CXX_FEATURE:0cxx_decltype
    Feature record: CXX_FEATURE:0cxx_decltype_auto
    Feature record: CXX_FEATURE:0cxx_decltype_incomplete_return_types
    Feature record: CXX_FEATURE:0cxx_default_function_template_args
    Feature record: CXX_FEATURE:0cxx_defaulted_functions
    Feature record: CXX_FEATURE:0cxx_defaulted_move_initializers
    Feature record: CXX_FEATURE:0cxx_delegating_constructors
    Feature record: CXX_FEATURE:0cxx_deleted_functions
    Feature record: CXX_FEATURE:0cxx_digit_separators
    Feature record: CXX_FEATURE:0cxx_enum_forward_declarations
    Feature record: CXX_FEATURE:0cxx_explicit_conversions
    Feature record: CXX_FEATURE:0cxx_extended_friend_declarations
    Feature record: CXX_FEATURE:0cxx_extern_templates
    Feature record: CXX_FEATURE:0cxx_final
    Feature record: CXX_FEATURE:0cxx_func_identifier
    Feature record: CXX_FEATURE:0cxx_generalized_initializers
    Feature record: CXX_FEATURE:0cxx_generic_lambdas
    Feature record: CXX_FEATURE:0cxx_inheriting_constructors
    Feature record: CXX_FEATURE:0cxx_inline_namespaces
    Feature record: CXX_FEATURE:0cxx_lambdas
    Feature record: CXX_FEATURE:0cxx_lambda_init_captures
    Feature record: CXX_FEATURE:0cxx_local_type_template_args
    Feature record: CXX_FEATURE:0cxx_long_long_type
    Feature record: CXX_FEATURE:0cxx_noexcept
    Feature record: CXX_FEATURE:0cxx_nonstatic_member_init
    Feature record: CXX_FEATURE:0cxx_nullptr
    Feature record: CXX_FEATURE:0cxx_override
    Feature record: CXX_FEATURE:0cxx_range_for
    Feature record: CXX_FEATURE:0cxx_raw_string_literals
    Feature record: CXX_FEATURE:0cxx_reference_qualified_functions
    Feature record: CXX_FEATURE:0cxx_relaxed_constexpr
    Feature record: CXX_FEATURE:0cxx_return_type_deduction
    Feature record: CXX_FEATURE:0cxx_right_angle_brackets
    Feature record: CXX_FEATURE:0cxx_rvalue_references
    Feature record: CXX_FEATURE:0cxx_sizeof_member
    Feature record: CXX_FEATURE:0cxx_static_assert
    Feature record: CXX_FEATURE:0cxx_strong_enums
    Feature record: CXX_FEATURE:1cxx_template_template_parameters
    Feature record: CXX_FEATURE:0cxx_thread_local
    Feature record: CXX_FEATURE:0cxx_trailing_return_types
    Feature record: CXX_FEATURE:0cxx_unicode_literals
    Feature record: CXX_FEATURE:0cxx_uniform_initialization
    Feature record: CXX_FEATURE:0cxx_unrestricted_unions
    Feature record: CXX_FEATURE:0cxx_user_literals
    Feature record: CXX_FEATURE:0cxx_variable_templates
    Feature record: CXX_FEATURE:0cxx_variadic_macros
    Feature record: CXX_FEATURE:0cxx_variadic_templates
Performing C++ SOURCE FILE Test HAVE_MM_MALLOC succeeded with the following output:
Change Dir: /home/aditya/CSE180/src/pcl-pcl-1.7.2/build/CMakeFiles/CMakeTmp

Run Build Command:"/usr/bin/make" "cmTC_f513e/fast"
/usr/bin/make -f CMakeFiles/cmTC_f513e.dir/build.make CMakeFiles/cmTC_f513e.dir/build
make[1]: Entering directory '/home/aditya/CSE180/src/pcl-pcl-1.7.2/build/CMakeFiles/CMakeTmp'
Building CXX object CMakeFiles/cmTC_f513e.dir/src.cxx.o
/usr/bin/c++     -DHAVE_MM_MALLOC   -o CMakeFiles/cmTC_f513e.dir/src.cxx.o -c /home/aditya/CSE180/src/pcl-pcl-1.7.2/build/CMakeFiles/CMakeTmp/src.cxx
Linking CXX executable cmTC_f513e
/usr/bin/cmake -E cmake_link_script CMakeFiles/cmTC_f513e.dir/link.txt --verbose=1
/usr/bin/c++    -DHAVE_MM_MALLOC    CMakeFiles/cmTC_f513e.dir/src.cxx.o  -o cmTC_f513e -rdynamic 
make[1]: Leaving directory '/home/aditya/CSE180/src/pcl-pcl-1.7.2/build/CMakeFiles/CMakeTmp'

Return value: 1
Source file was:

        #include <mm_malloc.h>
        int main()
        {
          void* mem = _mm_malloc (100, 16);
          return 0;
        }
Performing C++ SOURCE FILE Test HAVE_POSIX_MEMALIGN succeeded with the following output:
Change Dir: /home/aditya/CSE180/src/pcl-pcl-1.7.2/build/CMakeFiles/CMakeTmp

Run Build Command:"/usr/bin/make" "cmTC_71d44/fast"
/usr/bin/make -f CMakeFiles/cmTC_71d44.dir/build.make CMakeFiles/cmTC_71d44.dir/build
make[1]: Entering directory '/home/aditya/CSE180/src/pcl-pcl-1.7.2/build/CMakeFiles/CMakeTmp'
Building CXX object CMakeFiles/cmTC_71d44.dir/src.cxx.o
/usr/bin/c++     -DHAVE_POSIX_MEMALIGN   -o CMakeFiles/cmTC_71d44.dir/src.cxx.o -c /home/aditya/CSE180/src/pcl-pcl-1.7.2/build/CMakeFiles/CMakeTmp/src.cxx
Linking CXX executable cmTC_71d44
/usr/bin/cmake -E cmake_link_script CMakeFiles/cmTC_71d44.dir/link.txt --verbose=1
/usr/bin/c++    -DHAVE_POSIX_MEMALIGN    CMakeFiles/cmTC_71d44.dir/src.cxx.o  -o cmTC_71d44 -rdynamic 
make[1]: Leaving directory '/home/aditya/CSE180/src/pcl-pcl-1.7.2/build/CMakeFiles/CMakeTmp'

Return value: 1
Source file was:

        #include <stdlib.h>
        int main()
        {
          void* mem;
          return posix_memalign (&mem, 16, 100);
        }
Performing C++ SOURCE FILE Test HAVE_SSE4_2_EXTENSIONS succeeded with the following output:
Change Dir: /home/aditya/CSE180/src/pcl-pcl-1.7.2/build/CMakeFiles/CMakeTmp

Run Build Command:"/usr/bin/make" "cmTC_9f096/fast"
/usr/bin/make -f CMakeFiles/cmTC_9f096.dir/build.make CMakeFiles/cmTC_9f096.dir/build
make[1]: Entering directory '/home/aditya/CSE180/src/pcl-pcl-1.7.2/build/CMakeFiles/CMakeTmp'
Building CXX object CMakeFiles/cmTC_9f096.dir/src.cxx.o
/usr/bin/c++     -DHAVE_SSE4_2_EXTENSIONS -msse4.2   -o CMakeFiles/cmTC_9f096.dir/src.cxx.o -c /home/aditya/CSE180/src/pcl-pcl-1.7.2/build/CMakeFiles/CMakeTmp/src.cxx
Linking CXX executable cmTC_9f096
/usr/bin/cmake -E cmake_link_script CMakeFiles/cmTC_9f096.dir/link.txt --verbose=1
/usr/bin/c++    -DHAVE_SSE4_2_EXTENSIONS -msse4.2    CMakeFiles/cmTC_9f096.dir/src.cxx.o  -o cmTC_9f096 -rdynamic 
make[1]: Leaving directory '/home/aditya/CSE180/src/pcl-pcl-1.7.2/build/CMakeFiles/CMakeTmp'

Return value: 1
Source file was:

        #include <emmintrin.h>
        #include <nmmintrin.h>
        int main ()
        {
          long long a[2] = {  1, 2 };
          long long b[2] = { -1, 3 };
          long long c[2];
          __m128i va = _mm_loadu_si128 ((__m128i*)a);
          __m128i vb = _mm_loadu_si128 ((__m128i*)b);
          __m128i vc = _mm_cmpgt_epi64 (va, vb);

          _mm_storeu_si128 ((__m128i*)c, vc);
          if (c[0] == -1LL && c[1] == 0LL)
            return (0);
          else
            return (1);
        }
Performing C++ SOURCE FILE Test HAVE_SSE4_1_EXTENSIONS succeeded with the following output:
Change Dir: /home/aditya/CSE180/src/pcl-pcl-1.7.2/build/CMakeFiles/CMakeTmp

Run Build Command:"/usr/bin/make" "cmTC_7fd04/fast"
/usr/bin/make -f CMakeFiles/cmTC_7fd04.dir/build.make CMakeFiles/cmTC_7fd04.dir/build
make[1]: Entering directory '/home/aditya/CSE180/src/pcl-pcl-1.7.2/build/CMakeFiles/CMakeTmp'
Building CXX object CMakeFiles/cmTC_7fd04.dir/src.cxx.o
/usr/bin/c++     -DHAVE_SSE4_1_EXTENSIONS -msse4.1   -o CMakeFiles/cmTC_7fd04.dir/src.cxx.o -c /home/aditya/CSE180/src/pcl-pcl-1.7.2/build/CMakeFiles/CMakeTmp/src.cxx
Linking CXX executable cmTC_7fd04
/usr/bin/cmake -E cmake_link_script CMakeFiles/cmTC_7fd04.dir/link.txt --verbose=1
/usr/bin/c++    -DHAVE_SSE4_1_EXTENSIONS -msse4.1    CMakeFiles/cmTC_7fd04.dir/src.cxx.o  -o cmTC_7fd04 -rdynamic 
make[1]: Leaving directory '/home/aditya/CSE180/src/pcl-pcl-1.7.2/build/CMakeFiles/CMakeTmp'

Return value: 1
Source file was:

        #include <smmintrin.h>
        int main ()
        {
          __m128 a, b;
          float vals[4] = {1, 2, 3, 4};
          const int mask = 123;
          a = _mm_loadu_ps (vals);
          b = a;
          b = _mm_dp_ps (a, a, mask);
          _mm_storeu_ps (vals,b);
          return (0);
        }
Performing C++ SOURCE FILE Test HAVE_SSE3_EXTENSIONS succeeded with the following output:
Change Dir: /home/aditya/CSE180/src/pcl-pcl-1.7.2/build/CMakeFiles/CMakeTmp

Run Build Command:"/usr/bin/make" "cmTC_55fdf/fast"
/usr/bin/make -f CMakeFiles/cmTC_55fdf.dir/build.make CMakeFiles/cmTC_55fdf.dir/build
make[1]: Entering directory '/home/aditya/CSE180/src/pcl-pcl-1.7.2/build/CMakeFiles/CMakeTmp'
Building CXX object CMakeFiles/cmTC_55fdf.dir/src.cxx.o
/usr/bin/c++     -DHAVE_SSE3_EXTENSIONS -msse3   -o CMakeFiles/cmTC_55fdf.dir/src.cxx.o -c /home/aditya/CSE180/src/pcl-pcl-1.7.2/build/CMakeFiles/CMakeTmp/src.cxx
Linking CXX executable cmTC_55fdf
/usr/bin/cmake -E cmake_link_script CMakeFiles/cmTC_55fdf.dir/link.txt --verbose=1
/usr/bin/c++    -DHAVE_SSE3_EXTENSIONS -msse3    CMakeFiles/cmTC_55fdf.dir/src.cxx.o  -o cmTC_55fdf -rdynamic 
make[1]: Leaving directory '/home/aditya/CSE180/src/pcl-pcl-1.7.2/build/CMakeFiles/CMakeTmp'

Return value: 1
Source file was:

        #include <pmmintrin.h>
        int main ()
        {
            __m128d a, b;
            double vals[2] = {0};
            a = _mm_loadu_pd (vals);
            b = _mm_hadd_pd (a,a);
            _mm_storeu_pd (vals, b);
            return (0);
        }
Performing C++ SOURCE FILE Test HAVE_SSE2_EXTENSIONS succeeded with the following output:
Change Dir: /home/aditya/CSE180/src/pcl-pcl-1.7.2/build/CMakeFiles/CMakeTmp

Run Build Command:"/usr/bin/make" "cmTC_3abf4/fast"
/usr/bin/make -f CMakeFiles/cmTC_3abf4.dir/build.make CMakeFiles/cmTC_3abf4.dir/build
make[1]: Entering directory '/home/aditya/CSE180/src/pcl-pcl-1.7.2/build/CMakeFiles/CMakeTmp'
Building CXX object CMakeFiles/cmTC_3abf4.dir/src.cxx.o
/usr/bin/c++     -DHAVE_SSE2_EXTENSIONS -msse2   -o CMakeFiles/cmTC_3abf4.dir/src.cxx.o -c /home/aditya/CSE180/src/pcl-pcl-1.7.2/build/CMakeFiles/CMakeTmp/src.cxx
Linking CXX executable cmTC_3abf4
/usr/bin/cmake -E cmake_link_script CMakeFiles/cmTC_3abf4.dir/link.txt --verbose=1
/usr/bin/c++    -DHAVE_SSE2_EXTENSIONS -msse2    CMakeFiles/cmTC_3abf4.dir/src.cxx.o  -o cmTC_3abf4 -rdynamic 
make[1]: Leaving directory '/home/aditya/CSE180/src/pcl-pcl-1.7.2/build/CMakeFiles/CMakeTmp'

Return value: 1
Source file was:

        #include <emmintrin.h>
        int main ()
        {
            __m128d a, b;
            double vals[2] = {0};
            a = _mm_loadu_pd (vals);
            b = _mm_add_pd (a,a);
            _mm_storeu_pd (vals,b);
            return (0);
        }
Performing C++ SOURCE FILE Test HAVE_SSE_EXTENSIONS succeeded with the following output:
Change Dir: /home/aditya/CSE180/src/pcl-pcl-1.7.2/build/CMakeFiles/CMakeTmp

Run Build Command:"/usr/bin/make" "cmTC_a0d8f/fast"
/usr/bin/make -f CMakeFiles/cmTC_a0d8f.dir/build.make CMakeFiles/cmTC_a0d8f.dir/build
make[1]: Entering directory '/home/aditya/CSE180/src/pcl-pcl-1.7.2/build/CMakeFiles/CMakeTmp'
Building CXX object CMakeFiles/cmTC_a0d8f.dir/src.cxx.o
/usr/bin/c++     -DHAVE_SSE_EXTENSIONS -msse   -o CMakeFiles/cmTC_a0d8f.dir/src.cxx.o -c /home/aditya/CSE180/src/pcl-pcl-1.7.2/build/CMakeFiles/CMakeTmp/src.cxx
Linking CXX executable cmTC_a0d8f
/usr/bin/cmake -E cmake_link_script CMakeFiles/cmTC_a0d8f.dir/link.txt --verbose=1
/usr/bin/c++    -DHAVE_SSE_EXTENSIONS -msse    CMakeFiles/cmTC_a0d8f.dir/src.cxx.o  -o cmTC_a0d8f -rdynamic 
make[1]: Leaving directory '/home/aditya/CSE180/src/pcl-pcl-1.7.2/build/CMakeFiles/CMakeTmp'

Return value: 1
Source file was:

        #include <xmmintrin.h>
        int main ()
        {
            __m128 a, b;
            float vals[4] = {0};
            a = _mm_loadu_ps (vals);
            b = a;
            b = _mm_add_ps (a,b);
            _mm_storeu_ps (vals,b);
            return (0);
        }
Performing C SOURCE FILE Test OpenMP_FLAG_DETECTED succeeded with the following output:
Change Dir: /home/aditya/CSE180/src/pcl-pcl-1.7.2/build/CMakeFiles/CMakeTmp

Run Build Command:"/usr/bin/make" "cmTC_fe8c5/fast"
/usr/bin/make -f CMakeFiles/cmTC_fe8c5.dir/build.make CMakeFiles/cmTC_fe8c5.dir/build
make[1]: Entering directory '/home/aditya/CSE180/src/pcl-pcl-1.7.2/build/CMakeFiles/CMakeTmp'
Building C object CMakeFiles/cmTC_fe8c5.dir/src.c.o
/usr/bin/cc    -DOpenMP_FLAG_DETECTED -fopenmp   -o CMakeFiles/cmTC_fe8c5.dir/src.c.o   -c /home/aditya/CSE180/src/pcl-pcl-1.7.2/build/CMakeFiles/CMakeTmp/src.c
Linking C executable cmTC_fe8c5
/usr/bin/cmake -E cmake_link_script CMakeFiles/cmTC_fe8c5.dir/link.txt --verbose=1
/usr/bin/cc   -DOpenMP_FLAG_DETECTED -fopenmp    CMakeFiles/cmTC_fe8c5.dir/src.c.o  -o cmTC_fe8c5 -rdynamic 
make[1]: Leaving directory '/home/aditya/CSE180/src/pcl-pcl-1.7.2/build/CMakeFiles/CMakeTmp'

Source file was:

#include <omp.h>
int main() {
#ifdef _OPENMP
  return 0;
#else
  breaks_on_purpose
#endif
}

Performing C++ SOURCE FILE Test OpenMP_FLAG_DETECTED succeeded with the following output:
Change Dir: /home/aditya/CSE180/src/pcl-pcl-1.7.2/build/CMakeFiles/CMakeTmp

Run Build Command:"/usr/bin/make" "cmTC_a3e59/fast"
/usr/bin/make -f CMakeFiles/cmTC_a3e59.dir/build.make CMakeFiles/cmTC_a3e59.dir/build
make[1]: Entering directory '/home/aditya/CSE180/src/pcl-pcl-1.7.2/build/CMakeFiles/CMakeTmp'
Building CXX object CMakeFiles/cmTC_a3e59.dir/src.cxx.o
/usr/bin/c++     -Wall -Wextra -Wno-unknown-pragmas -fno-strict-aliasing -Wno-format-extra-args -Wno-sign-compare -Wno-invalid-offsetof -Wno-conversion  -march=native -msse4.2 -mfpmath=sse -Wabi -pthread -DOpenMP_FLAG_DETECTED -fopenmp   -o CMakeFiles/cmTC_a3e59.dir/src.cxx.o -c /home/aditya/CSE180/src/pcl-pcl-1.7.2/build/CMakeFiles/CMakeTmp/src.cxx
Linking CXX executable cmTC_a3e59
/usr/bin/cmake -E cmake_link_script CMakeFiles/cmTC_a3e59.dir/link.txt --verbose=1
/usr/bin/c++   -Wall -Wextra -Wno-unknown-pragmas -fno-strict-aliasing -Wno-format-extra-args -Wno-sign-compare -Wno-invalid-offsetof -Wno-conversion  -march=native -msse4.2 -mfpmath=sse -Wabi -pthread -DOpenMP_FLAG_DETECTED -fopenmp    CMakeFiles/cmTC_a3e59.dir/src.cxx.o  -o cmTC_a3e59 -rdynamic 
make[1]: Leaving directory '/home/aditya/CSE180/src/pcl-pcl-1.7.2/build/CMakeFiles/CMakeTmp'

Source file was:

#include <omp.h>
int main() {
#ifdef _OPENMP
  return 0;
#else
  breaks_on_purpose
#endif
}

Determining if the include file pthread.h exists passed with the following output:
Change Dir: /home/aditya/CSE180/src/pcl-pcl-1.7.2/build/CMakeFiles/CMakeTmp

Run Build Command:"/usr/bin/make" "cmTC_d0b65/fast"
/usr/bin/make -f CMakeFiles/cmTC_d0b65.dir/build.make CMakeFiles/cmTC_d0b65.dir/build
make[1]: Entering directory '/home/aditya/CSE180/src/pcl-pcl-1.7.2/build/CMakeFiles/CMakeTmp'
Building C object CMakeFiles/cmTC_d0b65.dir/CheckIncludeFile.c.o
/usr/bin/cc    -fopenmp    -o CMakeFiles/cmTC_d0b65.dir/CheckIncludeFile.c.o   -c /home/aditya/CSE180/src/pcl-pcl-1.7.2/build/CMakeFiles/CMakeTmp/CheckIncludeFile.c
Linking C executable cmTC_d0b65
/usr/bin/cmake -E cmake_link_script CMakeFiles/cmTC_d0b65.dir/link.txt --verbose=1
/usr/bin/cc   -fopenmp     CMakeFiles/cmTC_d0b65.dir/CheckIncludeFile.c.o  -o cmTC_d0b65 -rdynamic 
make[1]: Leaving directory '/home/aditya/CSE180/src/pcl-pcl-1.7.2/build/CMakeFiles/CMakeTmp'


Determining if the pthread_create exist passed with the following output:
Change Dir: /home/aditya/CSE180/src/pcl-pcl-1.7.2/build/CMakeFiles/CMakeTmp

Run Build Command:"/usr/bin/make" "cmTC_cacbf/fast"
/usr/bin/make -f CMakeFiles/cmTC_cacbf.dir/build.make CMakeFiles/cmTC_cacbf.dir/build
make[1]: Entering directory '/home/aditya/CSE180/src/pcl-pcl-1.7.2/build/CMakeFiles/CMakeTmp'
Building C object CMakeFiles/cmTC_cacbf.dir/CheckSymbolExists.c.o
/usr/bin/cc    -fopenmp    -o CMakeFiles/cmTC_cacbf.dir/CheckSymbolExists.c.o   -c /home/aditya/CSE180/src/pcl-pcl-1.7.2/build/CMakeFiles/CMakeTmp/CheckSymbolExists.c
Linking C executable cmTC_cacbf
/usr/bin/cmake -E cmake_link_script CMakeFiles/cmTC_cacbf.dir/link.txt --verbose=1
/usr/bin/cc   -fopenmp     CMakeFiles/cmTC_cacbf.dir/CheckSymbolExists.c.o  -o cmTC_cacbf -rdynamic 
make[1]: Leaving directory '/home/aditya/CSE180/src/pcl-pcl-1.7.2/build/CMakeFiles/CMakeTmp'

File /home/aditya/CSE180/src/pcl-pcl-1.7.2/build/CMakeFiles/CMakeTmp/CheckSymbolExists.c:
/* */
#include <pthread.h>

int main(int argc, char** argv)
{
  (void)argv;
#ifndef pthread_create
  return ((int*)(&pthread_create))[argc];
#else
  (void)argc;
  return 0;
#endif
}

Determining if the Q_WS_X11 exist passed with the following output:
Change Dir: /home/aditya/CSE180/src/pcl-pcl-1.7.2/build/CMakeFiles/CMakeTmp

Run Build Command:"/usr/bin/make" "cmTC_f1823/fast"
/usr/bin/make -f CMakeFiles/cmTC_f1823.dir/build.make CMakeFiles/cmTC_f1823.dir/build
make[1]: Entering directory '/home/aditya/CSE180/src/pcl-pcl-1.7.2/build/CMakeFiles/CMakeTmp'
Building CXX object CMakeFiles/cmTC_f1823.dir/CheckSymbolExists.cxx.o
/usr/bin/c++    -I/usr/include/qt4  -Wall -Wextra -Wno-unknown-pragmas -fno-strict-aliasing -Wno-format-extra-args -Wno-sign-compare -Wno-invalid-offsetof -Wno-conversion  -march=native -msse4.2 -mfpmath=sse -Wabi -pthread -fopenmp    -o CMakeFiles/cmTC_f1823.dir/CheckSymbolExists.cxx.o -c /home/aditya/CSE180/src/pcl-pcl-1.7.2/build/CMakeFiles/CMakeTmp/CheckSymbolExists.cxx
Linking CXX executable cmTC_f1823
/usr/bin/cmake -E cmake_link_script CMakeFiles/cmTC_f1823.dir/link.txt --verbose=1
/usr/bin/c++   -Wall -Wextra -Wno-unknown-pragmas -fno-strict-aliasing -Wno-format-extra-args -Wno-sign-compare -Wno-invalid-offsetof -Wno-conversion  -march=native -msse4.2 -mfpmath=sse -Wabi -pthread -fopenmp     CMakeFiles/cmTC_f1823.dir/CheckSymbolExists.cxx.o  -o cmTC_f1823 -rdynamic 
make[1]: Leaving directory '/home/aditya/CSE180/src/pcl-pcl-1.7.2/build/CMakeFiles/CMakeTmp'

File /home/aditya/CSE180/src/pcl-pcl-1.7.2/build/CMakeFiles/CMakeTmp/CheckSymbolExists.cxx:
/* */
#include <QtCore/qglobal.h>

int main(int argc, char** argv)
{
  (void)argv;
#ifndef Q_WS_X11
  return ((int*)(&Q_WS_X11))[argc];
#else
  (void)argc;
  return 0;
#endif
}

